# JRE version: OpenJDK Runtime Environment Temurin-21.0.9+10 (21.0.9+10) (build 21.0.9+10-LTS)
# Java VM: OpenJDK 64-Bit Server VM Temurin-21.0.9+10 (21.0.9+10-LTS, mixed mode, sharing, tiered, compressed oops, compressed class ptrs, parallel gc, windows-amd64)
GC Precious Log:
 CardTable entry size: 512
 CPUs: 8 total, 8 available
 Memory: 7113M
 Large Page Support: Disabled
 NUMA Support: Disabled
 Compressed Oops: Enabled (32-bit)
 Alignments: Space 512K, Generation 512K, Heap 2M
 Heap Min Capacity: 100M
 Heap Initial Capacity: 100M
 Heap Max Capacity: 2G
 Pre-touch: Disabled
 Parallel Workers: 8
Heap:
 PSYoungGen      total 20480K, used 8138K [0x00000000d5580000, 0x00000000d6b00000, 0x0000000100000000)
  eden space 19968K, 38% used [0x00000000d5580000,0x00000000d5d1a9b0,0x00000000d6900000)
  from space 512K, 68% used [0x00000000d6a00000,0x00000000d6a58000,0x00000000d6a80000)
  to   space 512K, 0% used [0x00000000d6a80000,0x00000000d6a80000,0x00000000d6b00000)
 ParOldGen       total 68608K, used 35220K [0x0000000080000000, 0x0000000084300000, 0x00000000d5580000)
  object space 68608K, 51% used [0x0000000080000000,0x0000000082265128,0x0000000084300000)
 Metaspace       used 52471K, committed 53696K, reserved 1114112K
  class space    used 5666K, committed 6208K, reserved 1048576K
GC Heap History (20 events):
Event: 48.618 GC heap before
{Heap before GC invocations=22 (full 2):
 PSYoungGen      total 22016K, used 21517K [0x00000000d5580000, 0x00000000d6e00000, 0x0000000100000000)
  eden space 19968K, 99% used [0x00000000d5580000,0x00000000d68d37b0,0x00000000d6900000)
  from space 2048K, 84% used [0x00000000d6900000,0x00000000d6aafe70,0x00000000d6b00000)
  to   space 2560K, 0% used [0x00000000d6b80000,0x00000000d6b80000,0x00000000d6e00000)
 ParOldGen       total 68608K, used 26305K [0x0000000080000000, 0x0000000084300000, 0x00000000d5580000)
  object space 68608K, 38% used [0x0000000080000000,0x00000000819b05d0,0x0000000084300000)
 Metaspace       used 42996K, committed 44160K, reserved 1114112K
  class space    used 4587K, committed 5056K, reserved 1048576K
}
Event: 48.622 GC heap after
{Heap after GC invocations=22 (full 2):
 PSYoungGen      total 22016K, used 1901K [0x00000000d5580000, 0x00000000d6d80000, 0x0000000100000000)
  eden space 19968K, 0% used [0x00000000d5580000,0x00000000d5580000,0x00000000d6900000)
  from space 2048K, 92% used [0x00000000d6b80000,0x00000000d6d5b510,0x00000000d6d80000)
  to   space 2048K, 0% used [0x00000000d6900000,0x00000000d6900000,0x00000000d6b00000)
 ParOldGen       total 68608K, used 27080K [0x0000000080000000, 0x0000000084300000, 0x00000000d5580000)
  object space 68608K, 39% used [0x0000000080000000,0x0000000081a722e0,0x0000000084300000)
 Metaspace       used 42996K, committed 44160K, reserved 1114112K
  class space    used 4587K, committed 5056K, reserved 1048576K
}
Event: 48.918 GC heap before
{Heap before GC invocations=23 (full 2):
 PSYoungGen      total 22016K, used 21869K [0x00000000d5580000, 0x00000000d6d80000, 0x0000000100000000)
  eden space 19968K, 100% used [0x00000000d5580000,0x00000000d6900000,0x00000000d6900000)
  from space 2048K, 92% used [0x00000000d6b80000,0x00000000d6d5b510,0x00000000d6d80000)
  to   space 2048K, 0% used [0x00000000d6900000,0x00000000d6900000,0x00000000d6b00000)
 ParOldGen       total 68608K, used 27080K [0x0000000080000000, 0x0000000084300000, 0x00000000d5580000)
  object space 68608K, 39% used [0x0000000080000000,0x0000000081a722e0,0x0000000084300000)
 Metaspace       used 44027K, committed 45184K, reserved 1114112K
  class space    used 4710K, committed 5184K, reserved 1048576K
}
Event: 48.922 GC heap after
{Heap after GC invocations=23 (full 2):
 PSYoungGen      total 22016K, used 1645K [0x00000000d5580000, 0x00000000d6d00000, 0x0000000100000000)
  eden space 19968K, 0% used [0x00000000d5580000,0x00000000d5580000,0x00000000d6900000)
  from space 2048K, 80% used [0x00000000d6900000,0x00000000d6a9b510,0x00000000d6b00000)
  to   space 2048K, 0% used [0x00000000d6b00000,0x00000000d6b00000,0x00000000d6d00000)
 ParOldGen       total 68608K, used 27840K [0x0000000080000000, 0x0000000084300000, 0x00000000d5580000)
  object space 68608K, 40% used [0x0000000080000000,0x0000000081b302f0,0x0000000084300000)
 Metaspace       used 44027K, committed 45184K, reserved 1114112K
  class space    used 4710K, committed 5184K, reserved 1048576K
}
Event: 49.474 GC heap before
{Heap before GC invocations=24 (full 2):
 PSYoungGen      total 22016K, used 21613K [0x00000000d5580000, 0x00000000d6d00000, 0x0000000100000000)
  eden space 19968K, 100% used [0x00000000d5580000,0x00000000d6900000,0x00000000d6900000)
  from space 2048K, 80% used [0x00000000d6900000,0x00000000d6a9b510,0x00000000d6b00000)
  to   space 2048K, 0% used [0x00000000d6b00000,0x00000000d6b00000,0x00000000d6d00000)
 ParOldGen       total 68608K, used 27840K [0x0000000080000000, 0x0000000084300000, 0x00000000d5580000)
  object space 68608K, 40% used [0x0000000080000000,0x0000000081b302f0,0x0000000084300000)
 Metaspace       used 45519K, committed 46656K, reserved 1114112K
  class space    used 4911K, committed 5376K, reserved 1048576K
}
Event: 49.481 GC heap after
{Heap after GC invocations=24 (full 2):
 PSYoungGen      total 21504K, used 1088K [0x00000000d5580000, 0x00000000d6c80000, 0x0000000100000000)
  eden space 19968K, 0% used [0x00000000d5580000,0x00000000d5580000,0x00000000d6900000)
  from space 1536K, 70% used [0x00000000d6b00000,0x00000000d6c10000,0x00000000d6c80000)
  to   space 1536K, 0% used [0x00000000d6980000,0x00000000d6980000,0x00000000d6b00000)
 ParOldGen       total 68608K, used 29386K [0x0000000080000000, 0x0000000084300000, 0x00000000d5580000)
  object space 68608K, 42% used [0x0000000080000000,0x0000000081cb2810,0x0000000084300000)
 Metaspace       used 45519K, committed 46656K, reserved 1114112K
  class space    used 4911K, committed 5376K, reserved 1048576K
}
Event: 50.345 GC heap before
{Heap before GC invocations=25 (full 2):
 PSYoungGen      total 21504K, used 21056K [0x00000000d5580000, 0x00000000d6c80000, 0x0000000100000000)
  eden space 19968K, 100% used [0x00000000d5580000,0x00000000d6900000,0x00000000d6900000)
  from space 1536K, 70% used [0x00000000d6b00000,0x00000000d6c10000,0x00000000d6c80000)
  to   space 1536K, 0% used [0x00000000d6980000,0x00000000d6980000,0x00000000d6b00000)
 ParOldGen       total 68608K, used 29386K [0x0000000080000000, 0x0000000084300000, 0x00000000d5580000)
  object space 68608K, 42% used [0x0000000080000000,0x0000000081cb2810,0x0000000084300000)
 Metaspace       used 46157K, committed 47360K, reserved 1114112K
  class space    used 4981K, committed 5504K, reserved 1048576K
}
Event: 50.348 GC heap after
{Heap after GC invocations=25 (full 2):
 PSYoungGen      total 21504K, used 1512K [0x00000000d5580000, 0x00000000d6f00000, 0x0000000100000000)
  eden space 19968K, 0% used [0x00000000d5580000,0x00000000d5580000,0x00000000d6900000)
  from space 1536K, 98% used [0x00000000d6980000,0x00000000d6afa3a8,0x00000000d6b00000)
  to   space 3072K, 0% used [0x00000000d6c00000,0x00000000d6c00000,0x00000000d6f00000)
 ParOldGen       total 68608K, used 30383K [0x0000000080000000, 0x0000000084300000, 0x00000000d5580000)
  object space 68608K, 44% used [0x0000000080000000,0x0000000081dabec0,0x0000000084300000)
 Metaspace       used 46157K, committed 47360K, reserved 1114112K
  class space    used 4981K, committed 5504K, reserved 1048576K
}
Event: 51.149 GC heap before
{Heap before GC invocations=26 (full 2):
 PSYoungGen      total 21504K, used 21442K [0x00000000d5580000, 0x00000000d6f00000, 0x0000000100000000)
  eden space 19968K, 99% used [0x00000000d5580000,0x00000000d68f66d0,0x00000000d6900000)
  from space 1536K, 98% used [0x00000000d6980000,0x00000000d6afa3a8,0x00000000d6b00000)
  to   space 3072K, 0% used [0x00000000d6c00000,0x00000000d6c00000,0x00000000d6f00000)
 ParOldGen       total 68608K, used 30383K [0x0000000080000000, 0x0000000084300000, 0x00000000d5580000)
  object space 68608K, 44% used [0x0000000080000000,0x0000000081dabec0,0x0000000084300000)
 Metaspace       used 47199K, committed 48384K, reserved 1114112K
  class space    used 5087K, committed 5632K, reserved 1048576K
}
Event: 51.152 GC heap after
{Heap after GC invocations=26 (full 2):
 PSYoungGen      total 21504K, used 1282K [0x00000000d5580000, 0x00000000d6d80000, 0x0000000100000000)
  eden space 19968K, 0% used [0x00000000d5580000,0x00000000d5580000,0x00000000d6900000)
  from space 1536K, 83% used [0x00000000d6c00000,0x00000000d6d40bc8,0x00000000d6d80000)
  to   space 2048K, 0% used [0x00000000d6980000,0x00000000d6980000,0x00000000d6b80000)
 ParOldGen       total 68608K, used 31808K [0x0000000080000000, 0x0000000084300000, 0x00000000d5580000)
  object space 68608K, 46% used [0x0000000080000000,0x0000000081f10268,0x0000000084300000)
 Metaspace       used 47199K, committed 48384K, reserved 1114112K
  class space    used 5087K, committed 5632K, reserved 1048576K
}
Event: 51.553 GC heap before
{Heap before GC invocations=27 (full 2):
 PSYoungGen      total 21504K, used 21250K [0x00000000d5580000, 0x00000000d6d80000, 0x0000000100000000)
  eden space 19968K, 100% used [0x00000000d5580000,0x00000000d6900000,0x00000000d6900000)
  from space 1536K, 83% used [0x00000000d6c00000,0x00000000d6d40bc8,0x00000000d6d80000)
  to   space 2048K, 0% used [0x00000000d6980000,0x00000000d6980000,0x00000000d6b80000)
 ParOldGen       total 68608K, used 31808K [0x0000000080000000, 0x0000000084300000, 0x00000000d5580000)
  object space 68608K, 46% used [0x0000000080000000,0x0000000081f10268,0x0000000084300000)
 Metaspace       used 49290K, committed 50496K, reserved 1114112K
  class space    used 5319K, committed 5824K, reserved 1048576K
}
Event: 51.556 GC heap after
{Heap after GC invocations=27 (full 2):
 PSYoungGen      total 21504K, used 1304K [0x00000000d5580000, 0x00000000d6c80000, 0x0000000100000000)
  eden space 19968K, 0% used [0x00000000d5580000,0x00000000d5580000,0x00000000d6900000)
  from space 1536K, 84% used [0x00000000d6980000,0x00000000d6ac6308,0x00000000d6b00000)
  to   space 1536K, 0% used [0x00000000d6b00000,0x00000000d6b00000,0x00000000d6c80000)
 ParOldGen       total 68608K, used 32980K [0x0000000080000000, 0x0000000084300000, 0x00000000d5580000)
  object space 68608K, 48% used [0x0000000080000000,0x0000000082035288,0x0000000084300000)
 Metaspace       used 49290K, committed 50496K, reserved 1114112K
  class space    used 5319K, committed 5824K, reserved 1048576K
}
Event: 52.067 GC heap before
{Heap before GC invocations=28 (full 2):
 PSYoungGen      total 21504K, used 21272K [0x00000000d5580000, 0x00000000d6c80000, 0x0000000100000000)
  eden space 19968K, 100% used [0x00000000d5580000,0x00000000d6900000,0x00000000d6900000)
  from space 1536K, 84% used [0x00000000d6980000,0x00000000d6ac6308,0x00000000d6b00000)
  to   space 1536K, 0% used [0x00000000d6b00000,0x00000000d6b00000,0x00000000d6c80000)
 ParOldGen       total 68608K, used 32980K [0x0000000080000000, 0x0000000084300000, 0x00000000d5580000)
  object space 68608K, 48% used [0x0000000080000000,0x0000000082035288,0x0000000084300000)
 Metaspace       used 50089K, committed 51328K, reserved 1114112K
  class space    used 5407K, committed 5952K, reserved 1048576K
}
Event: 52.072 GC heap after
{Heap after GC invocations=28 (full 2):
 PSYoungGen      total 21504K, used 1500K [0x00000000d5580000, 0x00000000d6d00000, 0x0000000100000000)
  eden space 19968K, 0% used [0x00000000d5580000,0x00000000d5580000,0x00000000d6900000)
  from space 1536K, 97% used [0x00000000d6b00000,0x00000000d6c772a0,0x00000000d6c80000)
  to   space 2048K, 0% used [0x00000000d6900000,0x00000000d6900000,0x00000000d6b00000)
 ParOldGen       total 68608K, used 34351K [0x0000000080000000, 0x0000000084300000, 0x00000000d5580000)
  object space 68608K, 50% used [0x0000000080000000,0x000000008218bfb0,0x0000000084300000)
 Metaspace       used 50089K, committed 51328K, reserved 1114112K
  class space    used 5407K, committed 5952K, reserved 1048576K
}
Event: 52.220 GC heap before
{Heap before GC invocations=29 (full 2):
 PSYoungGen      total 21504K, used 21468K [0x00000000d5580000, 0x00000000d6d00000, 0x0000000100000000)
  eden space 19968K, 100% used [0x00000000d5580000,0x00000000d6900000,0x00000000d6900000)
  from space 1536K, 97% used [0x00000000d6b00000,0x00000000d6c772a0,0x00000000d6c80000)
  to   space 2048K, 0% used [0x00000000d6900000,0x00000000d6900000,0x00000000d6b00000)
 ParOldGen       total 68608K, used 34351K [0x0000000080000000, 0x0000000084300000, 0x00000000d5580000)
  object space 68608K, 50% used [0x0000000080000000,0x000000008218bfb0,0x0000000084300000)
 Metaspace       used 50099K, committed 51328K, reserved 1114112K
  class space    used 5407K, committed 5952K, reserved 1048576K
}
Event: 52.222 GC heap after
{Heap after GC invocations=29 (full 2):
 PSYoungGen      total 20992K, used 566K [0x00000000d5580000, 0x00000000d6b80000, 0x0000000100000000)
  eden space 19968K, 0% used [0x00000000d5580000,0x00000000d5580000,0x00000000d6900000)
  from space 1024K, 55% used [0x00000000d6900000,0x00000000d698da28,0x00000000d6a00000)
  to   space 1024K, 0% used [0x00000000d6a80000,0x00000000d6a80000,0x00000000d6b80000)
 ParOldGen       total 68608K, used 35068K [0x0000000080000000, 0x0000000084300000, 0x00000000d5580000)
  object space 68608K, 51% used [0x0000000080000000,0x000000008223f128,0x0000000084300000)
 Metaspace       used 50099K, committed 51328K, reserved 1114112K
  class space    used 5407K, committed 5952K, reserved 1048576K
}
Event: 52.897 GC heap before
{Heap before GC invocations=30 (full 2):
 PSYoungGen      total 20992K, used 20534K [0x00000000d5580000, 0x00000000d6b80000, 0x0000000100000000)
  eden space 19968K, 100% used [0x00000000d5580000,0x00000000d6900000,0x00000000d6900000)
  from space 1024K, 55% used [0x00000000d6900000,0x00000000d698da28,0x00000000d6a00000)
  to   space 1024K, 0% used [0x00000000d6a80000,0x00000000d6a80000,0x00000000d6b80000)
 ParOldGen       total 68608K, used 35068K [0x0000000080000000, 0x0000000084300000, 0x00000000d5580000)
  object space 68608K, 51% used [0x0000000080000000,0x000000008223f128,0x0000000084300000)
 Metaspace       used 51442K, committed 52672K, reserved 1114112K
  class space    used 5557K, committed 6080K, reserved 1048576K
}
Event: 52.898 GC heap after
{Heap after GC invocations=30 (full 2):
 PSYoungGen      total 20480K, used 288K [0x00000000d5580000, 0x00000000d6b00000, 0x0000000100000000)
  eden space 19968K, 0% used [0x00000000d5580000,0x00000000d5580000,0x00000000d6900000)
  from space 512K, 56% used [0x00000000d6a80000,0x00000000d6ac8010,0x00000000d6b00000)
  to   space 512K, 0% used [0x00000000d6a00000,0x00000000d6a00000,0x00000000d6a80000)
 ParOldGen       total 68608K, used 35076K [0x0000000080000000, 0x0000000084300000, 0x00000000d5580000)
  object space 68608K, 51% used [0x0000000080000000,0x0000000082241128,0x0000000084300000)
 Metaspace       used 51442K, committed 52672K, reserved 1114112K
  class space    used 5557K, committed 6080K, reserved 1048576K
}
Event: 53.579 GC heap before
{Heap before GC invocations=31 (full 2):
 PSYoungGen      total 20480K, used 20221K [0x00000000d5580000, 0x00000000d6b00000, 0x0000000100000000)
  eden space 19968K, 99% used [0x00000000d5580000,0x00000000d68f7588,0x00000000d6900000)
  from space 512K, 56% used [0x00000000d6a80000,0x00000000d6ac8010,0x00000000d6b00000)
  to   space 512K, 0% used [0x00000000d6a00000,0x00000000d6a00000,0x00000000d6a80000)
 ParOldGen       total 68608K, used 35076K [0x0000000080000000, 0x0000000084300000, 0x00000000d5580000)
  object space 68608K, 51% used [0x0000000080000000,0x0000000082241128,0x0000000084300000)
 Metaspace       used 52159K, committed 53376K, reserved 1114112K
  class space    used 5630K, committed 6144K, reserved 1048576K
}
Event: 53.581 GC heap after
{Heap after GC invocations=31 (full 2):
 PSYoungGen      total 20480K, used 352K [0x00000000d5580000, 0x00000000d6b00000, 0x0000000100000000)
  eden space 19968K, 0% used [0x00000000d5580000,0x00000000d5580000,0x00000000d6900000)
  from space 512K, 68% used [0x00000000d6a00000,0x00000000d6a58000,0x00000000d6a80000)
  to   space 512K, 0% used [0x00000000d6a80000,0x00000000d6a80000,0x00000000d6b00000)
 ParOldGen       total 68608K, used 35220K [0x0000000080000000, 0x0000000084300000, 0x00000000d5580000)
  object space 68608K, 51% used [0x0000000080000000,0x0000000082265128,0x0000000084300000)
 Metaspace       used 52159K, committed 53376K, reserved 1114112K
  class space    used 5630K, committed 6144K, reserved 1048576K
}

