# JRE version: OpenJDK Runtime Environment Temurin-21.0.9+10 (21.0.9+10) (build 21.0.9+10-LTS)
# Java VM: OpenJDK 64-Bit Server VM Temurin-21.0.9+10 (21.0.9+10-LTS, mixed mode, sharing, tiered, compressed oops, compressed class ptrs, parallel gc, windows-amd64)
GC Precious Log:
 CardTable entry size: 512
 CPUs: 8 total, 8 available
 Memory: 7113M
 Large Page Support: Disabled
 NUMA Support: Disabled
 Compressed Oops: Enabled (32-bit)
 Alignments: Space 512K, Generation 512K, Heap 2M
 Heap Min Capacity: 100M
 Heap Initial Capacity: 100M
 Heap Max Capacity: 2G
 Pre-touch: Disabled
 Parallel Workers: 8
Heap:
 PSYoungGen      total 22528K, used 17579K [0x00000000d5580000, 0x00000000d7100000, 0x0000000100000000)
  eden space 22016K, 79% used [0x00000000d5580000,0x00000000d66aacb0,0x00000000d6b00000)
  from space 512K, 0% used [0x00000000d6e80000,0x00000000d6e80000,0x00000000d6f00000)
  to   space 3072K, 0% used [0x00000000d6b00000,0x00000000d6b00000,0x00000000d6e00000)
 ParOldGen       total 68608K, used 22356K [0x0000000080000000, 0x0000000084300000, 0x00000000d5580000)
  object space 68608K, 32% used [0x0000000080000000,0x00000000815d50e0,0x0000000084300000)
 Metaspace       used 36499K, committed 37440K, reserved 1114112K
  class space    used 3775K, committed 4160K, reserved 1048576K
GC Heap History (20 events):
Event: 6.826 GC heap before
{Heap before GC invocations=9 (full 0):
 PSYoungGen      total 28672K, used 7632K [0x00000000d5580000, 0x00000000d7800000, 0x0000000100000000)
  eden space 23552K, 11% used [0x00000000d5580000,0x00000000d581ce58,0x00000000d6c80000)
  from space 5120K, 96% used [0x00000000d7300000,0x00000000d77d7228,0x00000000d7800000)
  to   space 5632K, 0% used [0x00000000d6d00000,0x00000000d6d00000,0x00000000d7280000)
 ParOldGen       total 68608K, used 11532K [0x0000000080000000, 0x0000000084300000, 0x00000000d5580000)
  object space 68608K, 16% used [0x0000000080000000,0x0000000080b43358,0x0000000084300000)
 Metaspace       used 20995K, committed 21824K, reserved 1114112K
  class space    used 2214K, committed 2560K, reserved 1048576K
}
Event: 6.831 GC heap after
{Heap after GC invocations=9 (full 0):
 PSYoungGen      total 26112K, used 2122K [0x00000000d5580000, 0x00000000d7380000, 0x0000000100000000)
  eden space 23552K, 0% used [0x00000000d5580000,0x00000000d5580000,0x00000000d6c80000)
  from space 2560K, 82% used [0x00000000d6d00000,0x00000000d6f12950,0x00000000d6f80000)
  to   space 3584K, 0% used [0x00000000d7000000,0x00000000d7000000,0x00000000d7380000)
 ParOldGen       total 68608K, used 14879K [0x0000000080000000, 0x0000000084300000, 0x00000000d5580000)
  object space 68608K, 21% used [0x0000000080000000,0x0000000080e87ca8,0x0000000084300000)
 Metaspace       used 20995K, committed 21824K, reserved 1114112K
  class space    used 2214K, committed 2560K, reserved 1048576K
}
Event: 6.831 GC heap before
{Heap before GC invocations=10 (full 1):
 PSYoungGen      total 26112K, used 2122K [0x00000000d5580000, 0x00000000d7380000, 0x0000000100000000)
  eden space 23552K, 0% used [0x00000000d5580000,0x00000000d5580000,0x00000000d6c80000)
  from space 2560K, 82% used [0x00000000d6d00000,0x00000000d6f12950,0x00000000d6f80000)
  to   space 3584K, 0% used [0x00000000d7000000,0x00000000d7000000,0x00000000d7380000)
 ParOldGen       total 68608K, used 14879K [0x0000000080000000, 0x0000000084300000, 0x00000000d5580000)
  object space 68608K, 21% used [0x0000000080000000,0x0000000080e87ca8,0x0000000084300000)
 Metaspace       used 20995K, committed 21824K, reserved 1114112K
  class space    used 2214K, committed 2560K, reserved 1048576K
}
Event: 6.887 GC heap after
{Heap after GC invocations=10 (full 1):
 PSYoungGen      total 26112K, used 0K [0x00000000d5580000, 0x00000000d7380000, 0x0000000100000000)
  eden space 23552K, 0% used [0x00000000d5580000,0x00000000d5580000,0x00000000d6c80000)
  from space 2560K, 0% used [0x00000000d6d00000,0x00000000d6d00000,0x00000000d6f80000)
  to   space 3584K, 0% used [0x00000000d7000000,0x00000000d7000000,0x00000000d7380000)
 ParOldGen       total 68608K, used 16211K [0x0000000080000000, 0x0000000084300000, 0x00000000d5580000)
  object space 68608K, 23% used [0x0000000080000000,0x0000000080fd4f80,0x0000000084300000)
 Metaspace       used 20982K, committed 21824K, reserved 1114112K
  class space    used 2210K, committed 2560K, reserved 1048576K
}
Event: 7.162 GC heap before
{Heap before GC invocations=11 (full 1):
 PSYoungGen      total 26112K, used 23552K [0x00000000d5580000, 0x00000000d7380000, 0x0000000100000000)
  eden space 23552K, 100% used [0x00000000d5580000,0x00000000d6c80000,0x00000000d6c80000)
  from space 2560K, 0% used [0x00000000d6d00000,0x00000000d6d00000,0x00000000d6f80000)
  to   space 3584K, 0% used [0x00000000d7000000,0x00000000d7000000,0x00000000d7380000)
 ParOldGen       total 68608K, used 16211K [0x0000000080000000, 0x0000000084300000, 0x00000000d5580000)
  object space 68608K, 23% used [0x0000000080000000,0x0000000080fd4f80,0x0000000084300000)
 Metaspace       used 22874K, committed 23744K, reserved 1114112K
  class space    used 2344K, committed 2688K, reserved 1048576K
}
Event: 7.164 GC heap after
{Heap after GC invocations=11 (full 1):
 PSYoungGen      total 24576K, used 1367K [0x00000000d5580000, 0x00000000d7180000, 0x0000000100000000)
  eden space 23040K, 0% used [0x00000000d5580000,0x00000000d5580000,0x00000000d6c00000)
  from space 1536K, 89% used [0x00000000d7000000,0x00000000d7155f60,0x00000000d7180000)
  to   space 2048K, 0% used [0x00000000d6d80000,0x00000000d6d80000,0x00000000d6f80000)
 ParOldGen       total 68608K, used 16219K [0x0000000080000000, 0x0000000084300000, 0x00000000d5580000)
  object space 68608K, 23% used [0x0000000080000000,0x0000000080fd6f80,0x0000000084300000)
 Metaspace       used 22874K, committed 23744K, reserved 1114112K
  class space    used 2344K, committed 2688K, reserved 1048576K
}
Event: 7.486 GC heap before
{Heap before GC invocations=12 (full 1):
 PSYoungGen      total 24576K, used 24407K [0x00000000d5580000, 0x00000000d7180000, 0x0000000100000000)
  eden space 23040K, 100% used [0x00000000d5580000,0x00000000d6c00000,0x00000000d6c00000)
  from space 1536K, 89% used [0x00000000d7000000,0x00000000d7155f60,0x00000000d7180000)
  to   space 2048K, 0% used [0x00000000d6d80000,0x00000000d6d80000,0x00000000d6f80000)
 ParOldGen       total 68608K, used 16219K [0x0000000080000000, 0x0000000084300000, 0x00000000d5580000)
  object space 68608K, 23% used [0x0000000080000000,0x0000000080fd6f80,0x0000000084300000)
 Metaspace       used 25747K, committed 26560K, reserved 1114112K
  class space    used 2554K, committed 2880K, reserved 1048576K
}
Event: 7.488 GC heap after
{Heap after GC invocations=12 (full 1):
 PSYoungGen      total 24576K, used 2041K [0x00000000d5580000, 0x00000000d7180000, 0x0000000100000000)
  eden space 22528K, 0% used [0x00000000d5580000,0x00000000d5580000,0x00000000d6b80000)
  from space 2048K, 99% used [0x00000000d6d80000,0x00000000d6f7e6c8,0x00000000d6f80000)
  to   space 2048K, 0% used [0x00000000d6f80000,0x00000000d6f80000,0x00000000d7180000)
 ParOldGen       total 68608K, used 16900K [0x0000000080000000, 0x0000000084300000, 0x00000000d5580000)
  object space 68608K, 24% used [0x0000000080000000,0x00000000810812b8,0x0000000084300000)
 Metaspace       used 25747K, committed 26560K, reserved 1114112K
  class space    used 2554K, committed 2880K, reserved 1048576K
}
Event: 7.760 GC heap before
{Heap before GC invocations=13 (full 1):
 PSYoungGen      total 24576K, used 24569K [0x00000000d5580000, 0x00000000d7180000, 0x0000000100000000)
  eden space 22528K, 100% used [0x00000000d5580000,0x00000000d6b80000,0x00000000d6b80000)
  from space 2048K, 99% used [0x00000000d6d80000,0x00000000d6f7e6c8,0x00000000d6f80000)
  to   space 2048K, 0% used [0x00000000d6f80000,0x00000000d6f80000,0x00000000d7180000)
 ParOldGen       total 68608K, used 16900K [0x0000000080000000, 0x0000000084300000, 0x00000000d5580000)
  object space 68608K, 24% used [0x0000000080000000,0x00000000810812b8,0x0000000084300000)
 Metaspace       used 27211K, committed 28096K, reserved 1114112K
  class space    used 2643K, committed 3008K, reserved 1048576K
}
Event: 7.763 GC heap after
{Heap after GC invocations=13 (full 1):
 PSYoungGen      total 23552K, used 1499K [0x00000000d5580000, 0x00000000d7100000, 0x0000000100000000)
  eden space 22016K, 0% used [0x00000000d5580000,0x00000000d5580000,0x00000000d6b00000)
  from space 1536K, 97% used [0x00000000d6f80000,0x00000000d70f6da0,0x00000000d7100000)
  to   space 2048K, 0% used [0x00000000d6d00000,0x00000000d6d00000,0x00000000d6f00000)
 ParOldGen       total 68608K, used 17854K [0x0000000080000000, 0x0000000084300000, 0x00000000d5580000)
  object space 68608K, 26% used [0x0000000080000000,0x000000008116f8b0,0x0000000084300000)
 Metaspace       used 27211K, committed 28096K, reserved 1114112K
  class space    used 2643K, committed 3008K, reserved 1048576K
}
Event: 8.058 GC heap before
{Heap before GC invocations=14 (full 1):
 PSYoungGen      total 23552K, used 23515K [0x00000000d5580000, 0x00000000d7100000, 0x0000000100000000)
  eden space 22016K, 100% used [0x00000000d5580000,0x00000000d6b00000,0x00000000d6b00000)
  from space 1536K, 97% used [0x00000000d6f80000,0x00000000d70f6da0,0x00000000d7100000)
  to   space 2048K, 0% used [0x00000000d6d00000,0x00000000d6d00000,0x00000000d6f00000)
 ParOldGen       total 68608K, used 17854K [0x0000000080000000, 0x0000000084300000, 0x00000000d5580000)
  object space 68608K, 26% used [0x0000000080000000,0x000000008116f8b0,0x0000000084300000)
 Metaspace       used 29308K, committed 30272K, reserved 1114112K
  class space    used 2887K, committed 3264K, reserved 1048576K
}
Event: 8.061 GC heap after
{Heap after GC invocations=14 (full 1):
 PSYoungGen      total 23040K, used 1024K [0x00000000d5580000, 0x00000000d7000000, 0x0000000100000000)
  eden space 22016K, 0% used [0x00000000d5580000,0x00000000d5580000,0x00000000d6b00000)
  from space 1024K, 100% used [0x00000000d6d00000,0x00000000d6e00000,0x00000000d6e00000)
  to   space 1536K, 0% used [0x00000000d6e80000,0x00000000d6e80000,0x00000000d7000000)
 ParOldGen       total 68608K, used 19225K [0x0000000080000000, 0x0000000084300000, 0x00000000d5580000)
  object space 68608K, 28% used [0x0000000080000000,0x00000000812c65e0,0x0000000084300000)
 Metaspace       used 29308K, committed 30272K, reserved 1114112K
  class space    used 2887K, committed 3264K, reserved 1048576K
}
Event: 8.382 GC heap before
{Heap before GC invocations=15 (full 1):
 PSYoungGen      total 23040K, used 23040K [0x00000000d5580000, 0x00000000d7000000, 0x0000000100000000)
  eden space 22016K, 100% used [0x00000000d5580000,0x00000000d6b00000,0x00000000d6b00000)
  from space 1024K, 100% used [0x00000000d6d00000,0x00000000d6e00000,0x00000000d6e00000)
  to   space 1536K, 0% used [0x00000000d6e80000,0x00000000d6e80000,0x00000000d7000000)
 ParOldGen       total 68608K, used 19225K [0x0000000080000000, 0x0000000084300000, 0x00000000d5580000)
  object space 68608K, 28% used [0x0000000080000000,0x00000000812c65e0,0x0000000084300000)
 Metaspace       used 32206K, committed 33152K, reserved 1114112K
  class space    used 3238K, committed 3648K, reserved 1048576K
}
Event: 8.386 GC heap after
{Heap after GC invocations=15 (full 1):
 PSYoungGen      total 23552K, used 1250K [0x00000000d5580000, 0x00000000d7000000, 0x0000000100000000)
  eden space 22016K, 0% used [0x00000000d5580000,0x00000000d5580000,0x00000000d6b00000)
  from space 1536K, 81% used [0x00000000d6e80000,0x00000000d6fb8b10,0x00000000d7000000)
  to   space 1536K, 0% used [0x00000000d6d00000,0x00000000d6d00000,0x00000000d6e80000)
 ParOldGen       total 68608K, used 20031K [0x0000000080000000, 0x0000000084300000, 0x00000000d5580000)
  object space 68608K, 29% used [0x0000000080000000,0x000000008138fef0,0x0000000084300000)
 Metaspace       used 32206K, committed 33152K, reserved 1114112K
  class space    used 3238K, committed 3648K, reserved 1048576K
}
Event: 8.636 GC heap before
{Heap before GC invocations=16 (full 1):
 PSYoungGen      total 23552K, used 23266K [0x00000000d5580000, 0x00000000d7000000, 0x0000000100000000)
  eden space 22016K, 100% used [0x00000000d5580000,0x00000000d6b00000,0x00000000d6b00000)
  from space 1536K, 81% used [0x00000000d6e80000,0x00000000d6fb8b10,0x00000000d7000000)
  to   space 1536K, 0% used [0x00000000d6d00000,0x00000000d6d00000,0x00000000d6e80000)
 ParOldGen       total 68608K, used 20031K [0x0000000080000000, 0x0000000084300000, 0x00000000d5580000)
  object space 68608K, 29% used [0x0000000080000000,0x000000008138fef0,0x0000000084300000)
 Metaspace       used 33501K, committed 34496K, reserved 1114112K
  class space    used 3403K, committed 3840K, reserved 1048576K
}
Event: 8.642 GC heap after
{Heap after GC invocations=16 (full 1):
 PSYoungGen      total 23552K, used 1053K [0x00000000d5580000, 0x00000000d6f00000, 0x0000000100000000)
  eden space 22016K, 0% used [0x00000000d5580000,0x00000000d5580000,0x00000000d6b00000)
  from space 1536K, 68% used [0x00000000d6d00000,0x00000000d6e076a8,0x00000000d6e80000)
  to   space 512K, 0% used [0x00000000d6e80000,0x00000000d6e80000,0x00000000d6f00000)
 ParOldGen       total 68608K, used 21028K [0x0000000080000000, 0x0000000084300000, 0x00000000d5580000)
  object space 68608K, 30% used [0x0000000080000000,0x00000000814891f8,0x0000000084300000)
 Metaspace       used 33501K, committed 34496K, reserved 1114112K
  class space    used 3403K, committed 3840K, reserved 1048576K
}
Event: 8.916 GC heap before
{Heap before GC invocations=17 (full 1):
 PSYoungGen      total 23552K, used 22979K [0x00000000d5580000, 0x00000000d6f00000, 0x0000000100000000)
  eden space 22016K, 99% used [0x00000000d5580000,0x00000000d6ae9830,0x00000000d6b00000)
  from space 1536K, 68% used [0x00000000d6d00000,0x00000000d6e076a8,0x00000000d6e80000)
  to   space 512K, 0% used [0x00000000d6e80000,0x00000000d6e80000,0x00000000d6f00000)
 ParOldGen       total 68608K, used 21028K [0x0000000080000000, 0x0000000084300000, 0x00000000d5580000)
  object space 68608K, 30% used [0x0000000080000000,0x00000000814891f8,0x0000000084300000)
 Metaspace       used 35353K, committed 36416K, reserved 1114112K
  class space    used 3642K, committed 4096K, reserved 1048576K
}
Event: 8.919 GC heap after
{Heap after GC invocations=17 (full 1):
 PSYoungGen      total 22528K, used 493K [0x00000000d5580000, 0x00000000d7100000, 0x0000000100000000)
  eden space 22016K, 0% used [0x00000000d5580000,0x00000000d5580000,0x00000000d6b00000)
  from space 512K, 96% used [0x00000000d6e80000,0x00000000d6efb6d0,0x00000000d6f00000)
  to   space 3072K, 0% used [0x00000000d6b00000,0x00000000d6b00000,0x00000000d6e00000)
 ParOldGen       total 68608K, used 22968K [0x0000000080000000, 0x0000000084300000, 0x00000000d5580000)
  object space 68608K, 33% used [0x0000000080000000,0x000000008166e368,0x0000000084300000)
 Metaspace       used 35353K, committed 36416K, reserved 1114112K
  class space    used 3642K, committed 4096K, reserved 1048576K
}
Event: 8.920 GC heap before
{Heap before GC invocations=18 (full 2):
 PSYoungGen      total 22528K, used 493K [0x00000000d5580000, 0x00000000d7100000, 0x0000000100000000)
  eden space 22016K, 0% used [0x00000000d5580000,0x00000000d5580000,0x00000000d6b00000)
  from space 512K, 96% used [0x00000000d6e80000,0x00000000d6efb6d0,0x00000000d6f00000)
  to   space 3072K, 0% used [0x00000000d6b00000,0x00000000d6b00000,0x00000000d6e00000)
 ParOldGen       total 68608K, used 22968K [0x0000000080000000, 0x0000000084300000, 0x00000000d5580000)
  object space 68608K, 33% used [0x0000000080000000,0x000000008166e368,0x0000000084300000)
 Metaspace       used 35353K, committed 36416K, reserved 1114112K
  class space    used 3642K, committed 4096K, reserved 1048576K
}
Event: 8.992 GC heap after
{Heap after GC invocations=18 (full 2):
 PSYoungGen      total 22528K, used 0K [0x00000000d5580000, 0x00000000d7100000, 0x0000000100000000)
  eden space 22016K, 0% used [0x00000000d5580000,0x00000000d5580000,0x00000000d6b00000)
  from space 512K, 0% used [0x00000000d6e80000,0x00000000d6e80000,0x00000000d6f00000)
  to   space 3072K, 0% used [0x00000000d6b00000,0x00000000d6b00000,0x00000000d6e00000)
 ParOldGen       total 68608K, used 22356K [0x0000000080000000, 0x0000000084300000, 0x00000000d5580000)
  object space 68608K, 32% used [0x0000000080000000,0x00000000815d50e0,0x0000000084300000)
 Metaspace       used 35353K, committed 36416K, reserved 1114112K
  class space    used 3642K, committed 4096K, reserved 1048576K
}

